This file contains any messages produced by compilers while
running configure, to aid debugging if configure makes a mistake.

It was created by RODBC configure 1.2.1, which was
generated by GNU Autoconf 2.59.  Invocation command line was

  $ ./configure 

## --------- ##
## Platform. ##
## --------- ##

hostname = arch1900
uname -m = x86_64
uname -r = 4.0.7-2-ARCH
uname -s = Linux
uname -v = #1 SMP PREEMPT Tue Jun 30 07:50:21 UTC 2015

/usr/bin/uname -p = unknown
/bin/uname -X     = unknown

/bin/arch              = unknown
/usr/bin/arch -k       = unknown
/usr/convex/getsysinfo = unknown
hostinfo               = unknown
/bin/machine           = unknown
/usr/bin/oslevel       = unknown
/bin/universe          = unknown

PATH: /data/mxtool2
PATH: /usr/local/sbin
PATH: /usr/local/bin
PATH: /usr/bin
PATH: /usr/lib/jvm/default/bin
PATH: /usr/bin/site_perl
PATH: /usr/bin/vendor_perl
PATH: /usr/bin/core_perl


## ----------- ##
## Core tests. ##
## ----------- ##

configure:1461: checking for gcc
configure:1487: result: gcc
configure:1731: checking for C compiler version
configure:1734: gcc --version </dev/null >&5
gcc (GCC) 5.2.0
Copyright (C) 2015 Free Software Foundation, Inc.
This is free software; see the source for copying conditions.  There is NO
warranty; not even for MERCHANTABILITY or FITNESS FOR A PARTICULAR PURPOSE.

configure:1737: $? = 0
configure:1739: gcc -v </dev/null >&5
Using built-in specs.
COLLECT_GCC=gcc
COLLECT_LTO_WRAPPER=/usr/lib/gcc/x86_64-unknown-linux-gnu/5.2.0/lto-wrapper
Target: x86_64-unknown-linux-gnu
Configured with: /build/gcc/src/gcc-5.2.0/configure --prefix=/usr --libdir=/usr/lib --libexecdir=/usr/lib --mandir=/usr/share/man --infodir=/usr/share/info --with-bugurl=https://bugs.archlinux.org/ --enable-languages=c,c++,ada,fortran,go,lto,objc,obj-c++ --enable-shared --enable-threads=posix --enable-libmpx --with-system-zlib --with-isl --enable-__cxa_atexit --disable-libunwind-exceptions --enable-clocale=gnu --disable-libstdcxx-pch --disable-libssp --enable-gnu-unique-object --enable-linker-build-id --enable-lto --enable-plugin --enable-install-libiberty --with-linker-hash-style=gnu --enable-gnu-indirect-function --disable-multilib --disable-werror --enable-checking=release --with-default-libstdcxx-abi=gcc4-compatible
Thread model: posix
gcc version 5.2.0 (GCC) 
configure:1742: $? = 0
configure:1744: gcc -V </dev/null >&5
gcc: error: unrecognized command line option '-V'
gcc: fatal error: no input files
compilation terminated.
configure:1747: $? = 1
configure:1770: checking for C compiler default output file name
configure:1773: gcc -march=x86-64 -mtune=generic -O2 -pipe -fstack-protector-strong --param=ssp-buffer-size=4 -D_FORTIFY_SOURCE=2 -I.  conftest.c  >&5
configure:1776: $? = 0
configure:1822: result: a.out
configure:1827: checking whether the C compiler works
configure:1833: ./a.out
configure:1836: $? = 0
configure:1853: result: yes
configure:1860: checking whether we are cross compiling
configure:1862: result: no
configure:1865: checking for suffix of executables
configure:1867: gcc -o conftest -march=x86-64 -mtune=generic -O2 -pipe -fstack-protector-strong --param=ssp-buffer-size=4 -D_FORTIFY_SOURCE=2 -I.  conftest.c  >&5
configure:1870: $? = 0
configure:1895: result: 
configure:1901: checking for suffix of object files
configure:1922: gcc -c -march=x86-64 -mtune=generic -O2 -pipe -fstack-protector-strong --param=ssp-buffer-size=4 -D_FORTIFY_SOURCE=2 -I. conftest.c >&5
configure:1925: $? = 0
configure:1947: result: o
configure:1951: checking whether we are using the GNU C compiler
configure:1975: gcc -c -march=x86-64 -mtune=generic -O2 -pipe -fstack-protector-strong --param=ssp-buffer-size=4 -D_FORTIFY_SOURCE=2 -I. conftest.c >&5
configure:1981: $? = 0
configure:1985: test -z 
			 || test ! -s conftest.err
configure:1988: $? = 0
configure:1991: test -s conftest.o
configure:1994: $? = 0
configure:2007: result: yes
configure:2013: checking whether gcc accepts -g
configure:2034: gcc -c -g -D_FORTIFY_SOURCE=2 -I. conftest.c >&5
configure:2040: $? = 0
configure:2044: test -z 
			 || test ! -s conftest.err
configure:2047: $? = 0
configure:2050: test -s conftest.o
configure:2053: $? = 0
configure:2064: result: yes
configure:2081: checking for gcc option to accept ANSI C
configure:2151: gcc  -c -march=x86-64 -mtune=generic -O2 -pipe -fstack-protector-strong --param=ssp-buffer-size=4 -D_FORTIFY_SOURCE=2 -I. conftest.c >&5
configure:2157: $? = 0
configure:2161: test -z 
			 || test ! -s conftest.err
configure:2164: $? = 0
configure:2167: test -s conftest.o
configure:2170: $? = 0
configure:2188: result: none needed
configure:2206: gcc -c -march=x86-64 -mtune=generic -O2 -pipe -fstack-protector-strong --param=ssp-buffer-size=4 -D_FORTIFY_SOURCE=2 -I. conftest.c >&5
conftest.c:2:3: error: unknown type name 'choke'
   choke me
   ^
conftest.c:2:3: error: expected '=', ',', ';', 'asm' or '__attribute__' at end of input
configure:2212: $? = 1
configure: failed program was:
| #ifndef __cplusplus
|   choke me
| #endif
configure:2351: checking how to run the C preprocessor
configure:2469: result: gcc -E
configure:2493: gcc -E -D_FORTIFY_SOURCE=2 -I. conftest.c
In file included from /usr/include/limits.h:25:0,
                 from /usr/lib/gcc/x86_64-unknown-linux-gnu/5.2.0/include-fixed/limits.h:168,
                 from /usr/lib/gcc/x86_64-unknown-linux-gnu/5.2.0/include-fixed/syslimits.h:7,
                 from /usr/lib/gcc/x86_64-unknown-linux-gnu/5.2.0/include-fixed/limits.h:34,
                 from conftest.c:10:
/usr/include/features.h:328:4: warning: #warning _FORTIFY_SOURCE requires compiling with optimization (-O) [-Wcpp]
 #  warning _FORTIFY_SOURCE requires compiling with optimization (-O)
    ^
configure:2499: $? = 0
configure:2531: gcc -E -D_FORTIFY_SOURCE=2 -I. conftest.c
conftest.c:9:28: fatal error: ac_nonexistent.h: No such file or directory
compilation terminated.
configure:2537: $? = 1
configure: failed program was:
| /* confdefs.h.  */
| 
| #define PACKAGE_NAME "RODBC"
| #define PACKAGE_TARNAME "rodbc"
| #define PACKAGE_VERSION "1.2.1"
| #define PACKAGE_STRING "RODBC 1.2.1"
| #define PACKAGE_BUGREPORT "ripley@stats.ox.ac.uk"
| /* end confdefs.h.  */
| #include <ac_nonexistent.h>
configure:2581: checking for egrep
configure:2591: result: grep -E
configure:2596: checking for ANSI C header files
configure:2621: gcc -c -march=x86-64 -mtune=generic -O2 -pipe -fstack-protector-strong --param=ssp-buffer-size=4 -D_FORTIFY_SOURCE=2 -I. conftest.c >&5
configure:2627: $? = 0
configure:2631: test -z 
			 || test ! -s conftest.err
configure:2634: $? = 0
configure:2637: test -s conftest.o
configure:2640: $? = 0
In file included from /usr/include/string.h:25:0,
                 from conftest.c:9:
/usr/include/features.h:328:4: warning: #warning _FORTIFY_SOURCE requires compiling with optimization (-O) [-Wcpp]
 #  warning _FORTIFY_SOURCE requires compiling with optimization (-O)
    ^
In file included from /usr/include/stdlib.h:24:0,
                 from conftest.c:9:
/usr/include/features.h:328:4: warning: #warning _FORTIFY_SOURCE requires compiling with optimization (-O) [-Wcpp]
 #  warning _FORTIFY_SOURCE requires compiling with optimization (-O)
    ^
configure:2729: gcc -o conftest -march=x86-64 -mtune=generic -O2 -pipe -fstack-protector-strong --param=ssp-buffer-size=4 -D_FORTIFY_SOURCE=2 -I.  conftest.c  >&5
conftest.c: In function 'main':
conftest.c:26:7: warning: implicit declaration of function 'exit' [-Wimplicit-function-declaration]
       exit(2);
       ^
conftest.c:26:7: warning: incompatible implicit declaration of built-in function 'exit'
conftest.c:26:7: note: include '<stdlib.h>' or provide a declaration of 'exit'
conftest.c:27:3: warning: incompatible implicit declaration of built-in function 'exit'
   exit (0);
   ^
conftest.c:27:3: note: include '<stdlib.h>' or provide a declaration of 'exit'
configure:2732: $? = 0
configure:2734: ./conftest
configure:2737: $? = 0
configure:2752: result: yes
configure:2776: checking for sys/types.h
configure:2792: gcc -c -march=x86-64 -mtune=generic -O2 -pipe -fstack-protector-strong --param=ssp-buffer-size=4 -D_FORTIFY_SOURCE=2 -I. conftest.c >&5
configure:2798: $? = 0
configure:2802: test -z 
			 || test ! -s conftest.err
configure:2805: $? = 0
configure:2808: test -s conftest.o
configure:2811: $? = 0
configure:2822: result: yes
configure:2776: checking for sys/stat.h
configure:2792: gcc -c -march=x86-64 -mtune=generic -O2 -pipe -fstack-protector-strong --param=ssp-buffer-size=4 -D_FORTIFY_SOURCE=2 -I. conftest.c >&5
configure:2798: $? = 0
configure:2802: test -z 
			 || test ! -s conftest.err
configure:2805: $? = 0
configure:2808: test -s conftest.o
configure:2811: $? = 0
configure:2822: result: yes
configure:2776: checking for stdlib.h
configure:2792: gcc -c -march=x86-64 -mtune=generic -O2 -pipe -fstack-protector-strong --param=ssp-buffer-size=4 -D_FORTIFY_SOURCE=2 -I. conftest.c >&5
configure:2798: $? = 0
configure:2802: test -z 
			 || test ! -s conftest.err
configure:2805: $? = 0
configure:2808: test -s conftest.o
configure:2811: $? = 0
configure:2822: result: yes
configure:2776: checking for string.h
configure:2792: gcc -c -march=x86-64 -mtune=generic -O2 -pipe -fstack-protector-strong --param=ssp-buffer-size=4 -D_FORTIFY_SOURCE=2 -I. conftest.c >&5
configure:2798: $? = 0
configure:2802: test -z 
			 || test ! -s conftest.err
configure:2805: $? = 0
configure:2808: test -s conftest.o
configure:2811: $? = 0
configure:2822: result: yes
configure:2776: checking for memory.h
configure:2792: gcc -c -march=x86-64 -mtune=generic -O2 -pipe -fstack-protector-strong --param=ssp-buffer-size=4 -D_FORTIFY_SOURCE=2 -I. conftest.c >&5
configure:2798: $? = 0
configure:2802: test -z 
			 || test ! -s conftest.err
configure:2805: $? = 0
configure:2808: test -s conftest.o
configure:2811: $? = 0
configure:2822: result: yes
configure:2776: checking for strings.h
configure:2792: gcc -c -march=x86-64 -mtune=generic -O2 -pipe -fstack-protector-strong --param=ssp-buffer-size=4 -D_FORTIFY_SOURCE=2 -I. conftest.c >&5
configure:2798: $? = 0
configure:2802: test -z 
			 || test ! -s conftest.err
configure:2805: $? = 0
configure:2808: test -s conftest.o
configure:2811: $? = 0
configure:2822: result: yes
configure:2776: checking for inttypes.h
configure:2792: gcc -c -march=x86-64 -mtune=generic -O2 -pipe -fstack-protector-strong --param=ssp-buffer-size=4 -D_FORTIFY_SOURCE=2 -I. conftest.c >&5
configure:2798: $? = 0
configure:2802: test -z 
			 || test ! -s conftest.err
configure:2805: $? = 0
configure:2808: test -s conftest.o
configure:2811: $? = 0
configure:2822: result: yes
configure:2776: checking for stdint.h
configure:2792: gcc -c -march=x86-64 -mtune=generic -O2 -pipe -fstack-protector-strong --param=ssp-buffer-size=4 -D_FORTIFY_SOURCE=2 -I. conftest.c >&5
configure:2798: $? = 0
configure:2802: test -z 
			 || test ! -s conftest.err
configure:2805: $? = 0
configure:2808: test -s conftest.o
configure:2811: $? = 0
configure:2822: result: yes
configure:2776: checking for unistd.h
configure:2792: gcc -c -march=x86-64 -mtune=generic -O2 -pipe -fstack-protector-strong --param=ssp-buffer-size=4 -D_FORTIFY_SOURCE=2 -I. conftest.c >&5
configure:2798: $? = 0
configure:2802: test -z 
			 || test ! -s conftest.err
configure:2805: $? = 0
configure:2808: test -s conftest.o
configure:2811: $? = 0
configure:2822: result: yes
configure:2849: checking sql.h usability
configure:2861: gcc -c -march=x86-64 -mtune=generic -O2 -pipe -fstack-protector-strong --param=ssp-buffer-size=4 -D_FORTIFY_SOURCE=2 -I. conftest.c >&5
configure:2867: $? = 0
configure:2871: test -z 
			 || test ! -s conftest.err
configure:2874: $? = 0
configure:2877: test -s conftest.o
configure:2880: $? = 0
configure:2890: result: yes
configure:2894: checking sql.h presence
configure:2904: gcc -E -D_FORTIFY_SOURCE=2 -I. conftest.c
configure:2910: $? = 0
configure:2930: result: yes
configure:2965: checking for sql.h
configure:2972: result: yes
configure:2849: checking sqlext.h usability
configure:2861: gcc -c -march=x86-64 -mtune=generic -O2 -pipe -fstack-protector-strong --param=ssp-buffer-size=4 -D_FORTIFY_SOURCE=2 -I. conftest.c >&5
configure:2867: $? = 0
configure:2871: test -z 
			 || test ! -s conftest.err
configure:2874: $? = 0
configure:2877: test -s conftest.o
configure:2880: $? = 0
configure:2890: result: yes
configure:2894: checking sqlext.h presence
configure:2904: gcc -E -D_FORTIFY_SOURCE=2 -I. conftest.c
configure:2910: $? = 0
configure:2930: result: yes
configure:2965: checking for sqlext.h
configure:2972: result: yes
configure:3124: checking for library containing SQLTables
configure:3154: gcc -o conftest -march=x86-64 -mtune=generic -O2 -pipe -fstack-protector-strong --param=ssp-buffer-size=4 -D_FORTIFY_SOURCE=2 -I.  conftest.c  >&5
/tmp/ccVXyBih.o: In function `main':
conftest.c:(.text.startup+0x7): undefined reference to `SQLTables'
collect2: error: ld returned 1 exit status
configure:3160: $? = 1
configure: failed program was:
| /* confdefs.h.  */
| 
| #define PACKAGE_NAME "RODBC"
| #define PACKAGE_TARNAME "rodbc"
| #define PACKAGE_VERSION "1.2.1"
| #define PACKAGE_STRING "RODBC 1.2.1"
| #define PACKAGE_BUGREPORT "ripley@stats.ox.ac.uk"
| #define STDC_HEADERS 1
| #define HAVE_SYS_TYPES_H 1
| #define HAVE_SYS_STAT_H 1
| #define HAVE_STDLIB_H 1
| #define HAVE_STRING_H 1
| #define HAVE_MEMORY_H 1
| #define HAVE_STRINGS_H 1
| #define HAVE_INTTYPES_H 1
| #define HAVE_STDINT_H 1
| #define HAVE_UNISTD_H 1
| #define HAVE_SQL_H 1
| #define HAVE_SQLEXT_H 1
| /* end confdefs.h.  */
| 
| /* Override any gcc2 internal prototype to avoid an error.  */
| #ifdef __cplusplus
| extern "C"
| #endif
| /* We use char because int might match the return type of a gcc2
|    builtin and then its argument prototype would still apply.  */
| char SQLTables ();
| int
| main ()
| {
| SQLTables ();
|   ;
|   return 0;
| }
configure:3209: gcc -o conftest -march=x86-64 -mtune=generic -O2 -pipe -fstack-protector-strong --param=ssp-buffer-size=4 -D_FORTIFY_SOURCE=2 -I.  conftest.c -lodbc   >&5
configure:3215: $? = 0
configure:3219: test -z 
			 || test ! -s conftest.err
configure:3222: $? = 0
configure:3225: test -s conftest
configure:3228: $? = 0
configure:3243: result: -lodbc
configure:3256: checking for SQLLEN
configure:3281: gcc -c -march=x86-64 -mtune=generic -O2 -pipe -fstack-protector-strong --param=ssp-buffer-size=4 -D_FORTIFY_SOURCE=2 -I. conftest.c >&5
configure:3287: $? = 0
configure:3291: test -z 
			 || test ! -s conftest.err
configure:3294: $? = 0
configure:3297: test -s conftest.o
configure:3300: $? = 0
configure:3311: result: yes
configure:3321: checking for SQLULEN
configure:3346: gcc -c -march=x86-64 -mtune=generic -O2 -pipe -fstack-protector-strong --param=ssp-buffer-size=4 -D_FORTIFY_SOURCE=2 -I. conftest.c >&5
configure:3352: $? = 0
configure:3356: test -z 
			 || test ! -s conftest.err
configure:3359: $? = 0
configure:3362: test -s conftest.o
configure:3365: $? = 0
configure:3376: result: yes
configure:3387: checking for long
configure:3411: gcc -c -march=x86-64 -mtune=generic -O2 -pipe -fstack-protector-strong --param=ssp-buffer-size=4 -D_FORTIFY_SOURCE=2 -I. conftest.c >&5
configure:3417: $? = 0
configure:3421: test -z 
			 || test ! -s conftest.err
configure:3424: $? = 0
configure:3427: test -s conftest.o
configure:3430: $? = 0
configure:3441: result: yes
configure:3444: checking size of long
configure:3763: gcc -o conftest -march=x86-64 -mtune=generic -O2 -pipe -fstack-protector-strong --param=ssp-buffer-size=4 -D_FORTIFY_SOURCE=2 -I.  conftest.c -lodbc  >&5
configure:3766: $? = 0
configure:3768: ./conftest
configure:3771: $? = 0
configure:3794: result: 8
configure:3903: creating ./config.status

## ---------------------- ##
## Running config.status. ##
## ---------------------- ##

This file was extended by RODBC config.status 1.2.1, which was
generated by GNU Autoconf 2.59.  Invocation command line was

  CONFIG_FILES    = 
  CONFIG_HEADERS  = 
  CONFIG_LINKS    = 
  CONFIG_COMMANDS = 
  $ ./config.status 

on arch1900

config.status:643: creating src/Makevars
config.status:746: creating src/config.h

## ---------------- ##
## Cache variables. ##
## ---------------- ##

ac_cv_c_compiler_gnu=yes
ac_cv_env_CC_set=
ac_cv_env_CC_value=
ac_cv_env_CFLAGS_set=
ac_cv_env_CFLAGS_value=
ac_cv_env_CPPFLAGS_set=
ac_cv_env_CPPFLAGS_value=
ac_cv_env_CPP_set=
ac_cv_env_CPP_value=
ac_cv_env_LDFLAGS_set=
ac_cv_env_LDFLAGS_value=
ac_cv_env_build_alias_set=
ac_cv_env_build_alias_value=
ac_cv_env_host_alias_set=
ac_cv_env_host_alias_value=
ac_cv_env_target_alias_set=
ac_cv_env_target_alias_value=
ac_cv_exeext=
ac_cv_header_inttypes_h=yes
ac_cv_header_memory_h=yes
ac_cv_header_sql_h=yes
ac_cv_header_sqlext_h=yes
ac_cv_header_stdc=yes
ac_cv_header_stdint_h=yes
ac_cv_header_stdlib_h=yes
ac_cv_header_string_h=yes
ac_cv_header_strings_h=yes
ac_cv_header_sys_stat_h=yes
ac_cv_header_sys_types_h=yes
ac_cv_header_unistd_h=yes
ac_cv_objext=o
ac_cv_prog_CPP='gcc -E'
ac_cv_prog_ac_ct_CC=gcc
ac_cv_prog_cc_g=yes
ac_cv_prog_cc_stdc=
ac_cv_prog_egrep='grep -E'
ac_cv_search_SQLTables=-lodbc
ac_cv_sizeof_long=8
ac_cv_type_SQLLEN=yes
ac_cv_type_SQLULEN=yes
ac_cv_type_long=yes

## ----------------- ##
## Output variables. ##
## ----------------- ##

CC='gcc'
CFLAGS='-march=x86-64 -mtune=generic -O2 -pipe -fstack-protector-strong --param=ssp-buffer-size=4'
CPP='gcc -E'
CPPFLAGS='-D_FORTIFY_SOURCE=2 -I.'
DEFS='-DHAVE_CONFIG_H'
ECHO_C=''
ECHO_N='-n'
ECHO_T=''
EGREP='grep -E'
EXEEXT=''
LDFLAGS=''
LIBOBJS=''
LIBS='-lodbc '
LTLIBOBJS=''
OBJEXT='o'
ODBC_CONFIG=''
PACKAGE_BUGREPORT='ripley@stats.ox.ac.uk'
PACKAGE_NAME='RODBC'
PACKAGE_STRING='RODBC 1.2.1'
PACKAGE_TARNAME='rodbc'
PACKAGE_VERSION='1.2.1'
PATH_SEPARATOR=':'
RODBC_CPPFLAGS='-I.'
SHELL='/bin/sh'
ac_ct_CC='gcc'
bindir='${exec_prefix}/bin'
build_alias=''
datadir='${prefix}/share'
exec_prefix='${prefix}'
host_alias=''
includedir='${prefix}/include'
infodir='${prefix}/info'
libdir='${exec_prefix}/lib'
libexecdir='${exec_prefix}/libexec'
localstatedir='${prefix}/var'
mandir='${prefix}/man'
oldincludedir='/usr/include'
prefix='/usr/local'
program_transform_name='s,x,x,'
sbindir='${exec_prefix}/sbin'
sharedstatedir='${prefix}/com'
sysconfdir='${prefix}/etc'
target_alias=''

## ----------- ##
## confdefs.h. ##
## ----------- ##

#define HAVE_INTTYPES_H 1
#define HAVE_MEMORY_H 1
#define HAVE_SQLEXT_H 1
#define HAVE_SQLLEN 1
#define HAVE_SQLULEN 1
#define HAVE_SQL_H 1
#define HAVE_STDINT_H 1
#define HAVE_STDLIB_H 1
#define HAVE_STRINGS_H 1
#define HAVE_STRING_H 1
#define HAVE_SYS_STAT_H 1
#define HAVE_SYS_TYPES_H 1
#define HAVE_UNISTD_H 1
#define PACKAGE_BUGREPORT "ripley@stats.ox.ac.uk"
#define PACKAGE_NAME "RODBC"
#define PACKAGE_STRING "RODBC 1.2.1"
#define PACKAGE_TARNAME "rodbc"
#define PACKAGE_VERSION "1.2.1"
#define SIZEOF_LONG 8
#define STDC_HEADERS 1

configure: exit 0
